2020-05-08 07:08:37,600 0      [           main] DEBUG ache.ibatis.logging.LogFactory  - Logging initialized using 'class org.apache.ibatis.logging.log4j.Log4jImpl' adapter.
2020-05-08 07:08:38,240 640    [           main] DEBUG source.pooled.PooledDataSource  - PooledDataSource forcefully closed/removed all connections.
2020-05-08 07:08:38,241 641    [           main] DEBUG source.pooled.PooledDataSource  - PooledDataSource forcefully closed/removed all connections.
2020-05-08 07:08:38,245 645    [           main] DEBUG source.pooled.PooledDataSource  - PooledDataSource forcefully closed/removed all connections.
2020-05-08 07:08:38,245 645    [           main] DEBUG source.pooled.PooledDataSource  - PooledDataSource forcefully closed/removed all connections.
2020-05-08 07:08:38,337 737    [           main] DEBUG ansaction.jdbc.JdbcTransaction  - Opening JDBC Connection
2020-05-08 07:08:39,285 1685   [           main] DEBUG source.pooled.PooledDataSource  - Created connection 1691538257.
2020-05-08 07:08:39,285 1685   [           main] DEBUG ansaction.jdbc.JdbcTransaction  - Setting autocommit to false on JDBC Connection [com.mysql.cj.jdbc.ConnectionImpl@64d2d351]
2020-05-08 07:08:39,290 1690   [           main] DEBUG com.allen.dao.IUserDao.findAll  - ==>  Preparing: SELECT * FORM user 
2020-05-08 07:08:39,351 1751   [           main] DEBUG com.allen.dao.IUserDao.findAll  - ==> Parameters: 
2020-05-08 07:09:11,560 0      [           main] DEBUG ache.ibatis.logging.LogFactory  - Logging initialized using 'class org.apache.ibatis.logging.log4j.Log4jImpl' adapter.
2020-05-08 07:09:11,835 275    [           main] DEBUG source.pooled.PooledDataSource  - PooledDataSource forcefully closed/removed all connections.
2020-05-08 07:09:11,836 276    [           main] DEBUG source.pooled.PooledDataSource  - PooledDataSource forcefully closed/removed all connections.
2020-05-08 07:09:11,836 276    [           main] DEBUG source.pooled.PooledDataSource  - PooledDataSource forcefully closed/removed all connections.
2020-05-08 07:09:11,836 276    [           main] DEBUG source.pooled.PooledDataSource  - PooledDataSource forcefully closed/removed all connections.
2020-05-08 07:09:11,891 331    [           main] DEBUG ansaction.jdbc.JdbcTransaction  - Opening JDBC Connection
2020-05-08 07:09:12,840 1280   [           main] DEBUG source.pooled.PooledDataSource  - Created connection 1691538257.
2020-05-08 07:09:12,840 1280   [           main] DEBUG ansaction.jdbc.JdbcTransaction  - Setting autocommit to false on JDBC Connection [com.mysql.cj.jdbc.ConnectionImpl@64d2d351]
2020-05-08 07:09:12,849 1289   [           main] DEBUG com.allen.dao.IUserDao.findAll  - ==>  Preparing: SELECT * FROM user 
2020-05-08 07:09:12,912 1352   [           main] DEBUG com.allen.dao.IUserDao.findAll  - ==> Parameters: 
2020-05-08 07:09:13,014 1454   [           main] DEBUG com.allen.dao.IUserDao.findAll  - <==      Total: 6
2020-05-08 07:09:13,021 1461   [           main] DEBUG ansaction.jdbc.JdbcTransaction  - Resetting autocommit to true on JDBC Connection [com.mysql.cj.jdbc.ConnectionImpl@64d2d351]
2020-05-08 07:09:13,022 1462   [           main] DEBUG ansaction.jdbc.JdbcTransaction  - Closing JDBC Connection [com.mysql.cj.jdbc.ConnectionImpl@64d2d351]
2020-05-08 07:09:13,023 1463   [           main] DEBUG source.pooled.PooledDataSource  - Returned connection 1691538257 to pool.
