2020-05-07 20:07:03,131 0      [           main] DEBUG ache.ibatis.logging.LogFactory  - Logging initialized using 'class org.apache.ibatis.logging.log4j.Log4jImpl' adapter.
2020-05-07 20:07:03,724 593    [           main] DEBUG source.pooled.PooledDataSource  - PooledDataSource forcefully closed/removed all connections.
2020-05-07 20:07:03,724 593    [           main] DEBUG source.pooled.PooledDataSource  - PooledDataSource forcefully closed/removed all connections.
2020-05-07 20:07:03,725 594    [           main] DEBUG source.pooled.PooledDataSource  - PooledDataSource forcefully closed/removed all connections.
2020-05-07 20:07:03,725 594    [           main] DEBUG source.pooled.PooledDataSource  - PooledDataSource forcefully closed/removed all connections.
2020-05-07 20:07:03,947 816    [           main] DEBUG ansaction.jdbc.JdbcTransaction  - Opening JDBC Connection
2020-05-07 20:07:05,001 1870   [           main] DEBUG source.pooled.PooledDataSource  - Created connection 910091170.
2020-05-07 20:07:05,001 1870   [           main] DEBUG ansaction.jdbc.JdbcTransaction  - Setting autocommit to false on JDBC Connection [com.mysql.cj.jdbc.ConnectionImpl@363ee3a2]
2020-05-07 20:07:05,004 1873   [           main] DEBUG om.allen.dao.IUserDao.saveUser  - ==>  Preparing: -- 配置插入操作后返回id，获取插入数据id insert into user(username,address,sex,brithday) values (?,?,?,?); 
2020-05-07 20:07:05,068 1937   [           main] DEBUG om.allen.dao.IUserDao.saveUser  - ==> Parameters: 周杰困(String), 北京(String), 男(String), 2020-05-07 20:07:03.925(Timestamp)
2020-05-07 20:07:05,113 1982   [           main] DEBUG om.allen.dao.IUserDao.saveUser  - <==    Updates: 1
2020-05-07 20:07:05,116 1985   [           main] DEBUG ao.IUserDao.saveUser!selectKey  - ==>  Preparing: select last_insert_id(); 
2020-05-07 20:07:05,116 1985   [           main] DEBUG ao.IUserDao.saveUser!selectKey  - ==> Parameters: 
2020-05-07 20:07:05,158 2027   [           main] DEBUG ao.IUserDao.saveUser!selectKey  - <==      Total: 1
2020-05-07 20:07:05,164 2033   [           main] DEBUG ansaction.jdbc.JdbcTransaction  - Committing JDBC Connection [com.mysql.cj.jdbc.ConnectionImpl@363ee3a2]
2020-05-07 20:07:05,170 2039   [           main] DEBUG ansaction.jdbc.JdbcTransaction  - Resetting autocommit to true on JDBC Connection [com.mysql.cj.jdbc.ConnectionImpl@363ee3a2]
2020-05-07 20:07:05,172 2041   [           main] DEBUG ansaction.jdbc.JdbcTransaction  - Closing JDBC Connection [com.mysql.cj.jdbc.ConnectionImpl@363ee3a2]
2020-05-07 20:07:05,173 2042   [           main] DEBUG source.pooled.PooledDataSource  - Returned connection 910091170 to pool.
2020-05-07 20:07:24,729 0      [           main] DEBUG ache.ibatis.logging.LogFactory  - Logging initialized using 'class org.apache.ibatis.logging.log4j.Log4jImpl' adapter.
2020-05-07 20:07:24,964 235    [           main] DEBUG source.pooled.PooledDataSource  - PooledDataSource forcefully closed/removed all connections.
2020-05-07 20:07:24,964 235    [           main] DEBUG source.pooled.PooledDataSource  - PooledDataSource forcefully closed/removed all connections.
2020-05-07 20:07:24,964 235    [           main] DEBUG source.pooled.PooledDataSource  - PooledDataSource forcefully closed/removed all connections.
2020-05-07 20:07:24,967 238    [           main] DEBUG source.pooled.PooledDataSource  - PooledDataSource forcefully closed/removed all connections.
2020-05-07 20:07:25,114 385    [           main] DEBUG ansaction.jdbc.JdbcTransaction  - Opening JDBC Connection
2020-05-07 20:07:25,894 1165   [           main] DEBUG source.pooled.PooledDataSource  - Created connection 1175259735.
2020-05-07 20:07:25,896 1167   [           main] DEBUG ansaction.jdbc.JdbcTransaction  - Setting autocommit to false on JDBC Connection [com.mysql.cj.jdbc.ConnectionImpl@460d0a57]
2020-05-07 20:07:25,899 1170   [           main] DEBUG com.allen.dao.IUserDao.findAll  - ==>  Preparing: select * from user ; 
2020-05-07 20:07:25,982 1253   [           main] DEBUG com.allen.dao.IUserDao.findAll  - ==> Parameters: 
2020-05-07 20:07:26,105 1376   [           main] DEBUG com.allen.dao.IUserDao.findAll  - <==      Total: 1
2020-05-07 20:07:26,111 1382   [           main] DEBUG ansaction.jdbc.JdbcTransaction  - Resetting autocommit to true on JDBC Connection [com.mysql.cj.jdbc.ConnectionImpl@460d0a57]
2020-05-07 20:07:26,111 1382   [           main] DEBUG ansaction.jdbc.JdbcTransaction  - Closing JDBC Connection [com.mysql.cj.jdbc.ConnectionImpl@460d0a57]
2020-05-07 20:07:26,112 1383   [           main] DEBUG source.pooled.PooledDataSource  - Returned connection 1175259735 to pool.
